<?xml version="1.0" encoding="UTF-8"?>
<!-- Generated by org.testng.reporters.JUnitReportReporter -->
<testsuite hostname="CL-NB-650" failures="0" tests="2" name="Tests.Tests2" time="18.534" errors="0" timestamp="18 jul. 2022 23:25:39 GMT" skipped="0">
  <testcase classname="Tests.Tests2" name="CP0009_Login_Fallido" time="10.140"/>
  <testcase classname="Tests.Tests2" name="CP001" time="8.394"/>
</testsuite> <!-- Tests.Tests2 -->
