<?xml version="1.0" encoding="UTF-8"?>
<!-- Generated by org.testng.reporters.JUnitReportReporter -->
<testsuite hostname="CL-NB-650" failures="0" tests="2" name="Tests.Tests" time="22.261" errors="0" timestamp="18 jul. 2022 23:25:39 GMT" skipped="0">
  <testcase classname="Tests.Tests" name="CP0002_Login_Fallido" time="17.254"/>
  <testcase classname="Tests.Tests" name="CP001" time="5.007"/>
</testsuite> <!-- Tests.Tests -->
